{"C:\\Users\\akash\\Desktop\\random\\Namaste-React\\src\\config.js": {"path":"C:\\Users\\akash\\Desktop\\random\\Namaste-React\\src\\config.js","statementMap":{"0":{"start":{"line":1,"column":25},"end":{"line":1,"column":104}},"1":{"start":{"line":3,"column":28},"end":{"line":3,"column":157}},"2":{"start":{"line":5,"column":30},"end":{"line":3103,"column":3}}},"fnMap":{},"branchMap":{},"s":{"0":2,"1":2,"2":2},"f":{},"b":{},"_coverageSchema":"1a1c01bbd47fc00a2c39e90264f33305004495a9","hash":"e501f0603fb2bc0e0fec8c0d19d4eb90212548c2"}
,"C:\\Users\\akash\\Desktop\\random\\Namaste-React\\src\\components\\Body.js": {"path":"C:\\Users\\akash\\Desktop\\random\\Namaste-React\\src\\components\\Body.js","statementMap":{"0":{"start":{"line":10,"column":13},"end":{"line":101,"column":1}},"1":{"start":{"line":12,"column":37},"end":{"line":12,"column":49}},"2":{"start":{"line":13,"column":55},"end":{"line":13,"column":67}},"3":{"start":{"line":14,"column":45},"end":{"line":14,"column":57}},"4":{"start":{"line":15,"column":25},"end":{"line":15,"column":48}},"5":{"start":{"line":18,"column":4},"end":{"line":21,"column":10}},"6":{"start":{"line":20,"column":8},"end":{"line":20,"column":25}},"7":{"start":{"line":23,"column":19},"end":{"line":23,"column":147}},"8":{"start":{"line":24,"column":19},"end":{"line":24,"column":36}},"9":{"start":{"line":25,"column":8},"end":{"line":25,"column":26}},"10":{"start":{"line":26,"column":8},"end":{"line":27,"column":50}},"11":{"start":{"line":28,"column":8},"end":{"line":29,"column":50}},"12":{"start":{"line":31,"column":19},"end":{"line":31,"column":30}},"13":{"start":{"line":32,"column":4},"end":{"line":35,"column":5}},"14":{"start":{"line":34,"column":8},"end":{"line":34,"column":69}},"15":{"start":{"line":36,"column":4},"end":{"line":36,"column":25}},"16":{"start":{"line":40,"column":4},"end":{"line":100,"column":6}},"17":{"start":{"line":49,"column":37},"end":{"line":49,"column":66}},"18":{"start":{"line":57,"column":31},"end":{"line":57,"column":68}},"19":{"start":{"line":58,"column":20},"end":{"line":58,"column":49}},"20":{"start":{"line":66,"column":50},"end":{"line":69,"column":18}},"21":{"start":{"line":70,"column":58},"end":{"line":73,"column":18}},"22":{"start":{"line":80,"column":24},"end":{"line":82,"column":28}}},"fnMap":{"0":{"name":"(anonymous_0)","decl":{"start":{"line":10,"column":13},"end":{"line":10,"column":14}},"loc":{"start":{"line":10,"column":19},"end":{"line":101,"column":1}},"line":10},"1":{"name":"(anonymous_1)","decl":{"start":{"line":18,"column":14},"end":{"line":18,"column":15}},"loc":{"start":{"line":18,"column":18},"end":{"line":21,"column":5}},"line":18},"2":{"name":"getRestaurants","decl":{"start":{"line":22,"column":19},"end":{"line":22,"column":33}},"loc":{"start":{"line":22,"column":35},"end":{"line":30,"column":5}},"line":22},"3":{"name":"(anonymous_3)","decl":{"start":{"line":49,"column":30},"end":{"line":49,"column":31}},"loc":{"start":{"line":49,"column":37},"end":{"line":49,"column":66}},"line":49},"4":{"name":"(anonymous_4)","decl":{"start":{"line":56,"column":25},"end":{"line":56,"column":26}},"loc":{"start":{"line":56,"column":29},"end":{"line":59,"column":17}},"line":56},"5":{"name":"(anonymous_5)","decl":{"start":{"line":66,"column":44},"end":{"line":66,"column":45}},"loc":{"start":{"line":66,"column":49},"end":{"line":69,"column":19}},"line":66},"6":{"name":"(anonymous_6)","decl":{"start":{"line":70,"column":52},"end":{"line":70,"column":53}},"loc":{"start":{"line":70,"column":57},"end":{"line":73,"column":19}},"line":70},"7":{"name":"(anonymous_7)","decl":{"start":{"line":79,"column":44},"end":{"line":79,"column":45}},"loc":{"start":{"line":80,"column":24},"end":{"line":82,"column":28}},"line":80}},"branchMap":{"0":{"loc":{"start":{"line":32,"column":4},"end":{"line":35,"column":5}},"type":"if","locations":[{"start":{"line":32,"column":4},"end":{"line":35,"column":5}},{"start":{},"end":{}}],"line":32},"1":{"loc":{"start":{"line":40,"column":11},"end":{"line":100,"column":5}},"type":"cond-expr","locations":[{"start":{"line":40,"column":40},"end":{"line":40,"column":50}},{"start":{"line":40,"column":51},"end":{"line":100,"column":5}}],"line":40},"2":{"loc":{"start":{"line":40,"column":51},"end":{"line":100,"column":5}},"type":"cond-expr","locations":[{"start":{"line":41,"column":5},"end":{"line":41,"column":47}},{"start":{"line":42,"column":8},"end":{"line":99,"column":11}}],"line":40}},"s":{"0":1,"1":7,"2":7,"3":7,"4":7,"5":7,"6":3,"7":3,"8":3,"9":3,"10":3,"11":3,"12":7,"13":7,"14":0,"15":7,"16":7,"17":1,"18":1,"19":1,"20":0,"21":0,"22":45},"f":{"0":7,"1":3,"2":3,"3":1,"4":1,"5":0,"6":0,"7":45},"b":{"0":[0,7],"1":[3,4],"2":[1,3]},"_coverageSchema":"1a1c01bbd47fc00a2c39e90264f33305004495a9","hash":"aa9c49289dda4ab181d6911b453c81133435d92f"}
,"C:\\Users\\akash\\Desktop\\random\\Namaste-React\\src\\components\\Header.js": {"path":"C:\\Users\\akash\\Desktop\\random\\Namaste-React\\src\\components\\Header.js","statementMap":{"0":{"start":{"line":12,"column":14},"end":{"line":22,"column":1}},"1":{"start":{"line":13,"column":4},"end":{"line":21,"column":8}},"2":{"start":{"line":23,"column":15},"end":{"line":73,"column":1}},"3":{"start":{"line":24,"column":35},"end":{"line":24,"column":50}},"4":{"start":{"line":25,"column":17},"end":{"line":25,"column":28}},"5":{"start":{"line":26,"column":16},"end":{"line":26,"column":39}},"6":{"start":{"line":27,"column":18},"end":{"line":27,"column":54}},"7":{"start":{"line":27,"column":37},"end":{"line":27,"column":53}},"8":{"start":{"line":28,"column":2},"end":{"line":28,"column":25}},"9":{"start":{"line":29,"column":2},"end":{"line":72,"column":2}},"10":{"start":{"line":68,"column":39},"end":{"line":68,"column":59}},"11":{"start":{"line":69,"column":27},"end":{"line":69,"column":46}}},"fnMap":{"0":{"name":"(anonymous_0)","decl":{"start":{"line":12,"column":14},"end":{"line":12,"column":15}},"loc":{"start":{"line":13,"column":4},"end":{"line":21,"column":8}},"line":13},"1":{"name":"(anonymous_1)","decl":{"start":{"line":23,"column":15},"end":{"line":23,"column":16}},"loc":{"start":{"line":23,"column":21},"end":{"line":73,"column":1}},"line":23},"2":{"name":"(anonymous_2)","decl":{"start":{"line":27,"column":30},"end":{"line":27,"column":31}},"loc":{"start":{"line":27,"column":37},"end":{"line":27,"column":53}},"line":27},"3":{"name":"(anonymous_3)","decl":{"start":{"line":68,"column":35},"end":{"line":68,"column":36}},"loc":{"start":{"line":68,"column":39},"end":{"line":68,"column":59}},"line":68},"4":{"name":"(anonymous_4)","decl":{"start":{"line":69,"column":23},"end":{"line":69,"column":24}},"loc":{"start":{"line":69,"column":27},"end":{"line":69,"column":46}},"line":69}},"branchMap":{"0":{"loc":{"start":{"line":66,"column":56},"end":{"line":66,"column":75}},"type":"cond-expr","locations":[{"start":{"line":66,"column":66},"end":{"line":66,"column":70}},{"start":{"line":66,"column":71},"end":{"line":66,"column":75}}],"line":66},"1":{"loc":{"start":{"line":68,"column":6},"end":{"line":69,"column":62}},"type":"cond-expr","locations":[{"start":{"line":68,"column":18},"end":{"line":68,"column":76}},{"start":{"line":69,"column":6},"end":{"line":69,"column":62}}],"line":68}},"s":{"0":2,"1":5,"2":2,"3":5,"4":5,"5":5,"6":5,"7":6,"8":5,"9":5,"10":0,"11":0},"f":{"0":5,"1":5,"2":6,"3":0,"4":0},"b":{"0":[5,0],"1":[0,5]},"_coverageSchema":"1a1c01bbd47fc00a2c39e90264f33305004495a9","hash":"8d0d7790f15d6ea27b5db9aff66ec01e520ee3e7"}
,"C:\\Users\\akash\\Desktop\\random\\Namaste-React\\src\\components\\RestaurantCard.js": {"path":"C:\\Users\\akash\\Desktop\\random\\Namaste-React\\src\\components\\RestaurantCard.js","statementMap":{"0":{"start":{"line":4,"column":23},"end":{"line":21,"column":1}},"1":{"start":{"line":6,"column":19},"end":{"line":6,"column":42}},"2":{"start":{"line":7,"column":4},"end":{"line":20,"column":6}}},"fnMap":{"0":{"name":"(anonymous_0)","decl":{"start":{"line":4,"column":23},"end":{"line":4,"column":24}},"loc":{"start":{"line":4,"column":83},"end":{"line":21,"column":1}},"line":4}},"branchMap":{},"s":{"0":1,"1":45,"2":45},"f":{"0":45},"b":{},"_coverageSchema":"1a1c01bbd47fc00a2c39e90264f33305004495a9","hash":"887784bc9fa2997dad8c82011a4bdbde49e2d474"}
,"C:\\Users\\akash\\Desktop\\random\\Namaste-React\\src\\components\\RestaurantMenu.js": {"path":"C:\\Users\\akash\\Desktop\\random\\Namaste-React\\src\\components\\RestaurantMenu.js","statementMap":{"0":{"start":{"line":10,"column":21},"end":{"line":52,"column":1}},"1":{"start":{"line":12,"column":17},"end":{"line":12,"column":28}},"2":{"start":{"line":14,"column":15},"end":{"line":14,"column":21}},"3":{"start":{"line":15,"column":21},"end":{"line":15,"column":38}},"4":{"start":{"line":16,"column":19},"end":{"line":16,"column":32}},"5":{"start":{"line":17,"column":22},"end":{"line":19,"column":5}},"6":{"start":{"line":18,"column":8},"end":{"line":18,"column":43}},"7":{"start":{"line":20,"column":4},"end":{"line":51,"column":5}},"8":{"start":{"line":21,"column":8},"end":{"line":21,"column":27}},"9":{"start":{"line":23,"column":4},"end":{"line":51,"column":5}},"10":{"start":{"line":40,"column":16},"end":{"line":47,"column":21}},"11":{"start":{"line":44,"column":30},"end":{"line":44,"column":47}}},"fnMap":{"0":{"name":"(anonymous_0)","decl":{"start":{"line":10,"column":21},"end":{"line":10,"column":22}},"loc":{"start":{"line":10,"column":25},"end":{"line":52,"column":1}},"line":10},"1":{"name":"(anonymous_1)","decl":{"start":{"line":17,"column":22},"end":{"line":17,"column":23}},"loc":{"start":{"line":17,"column":30},"end":{"line":19,"column":5}},"line":17},"2":{"name":"(anonymous_2)","decl":{"start":{"line":39,"column":114},"end":{"line":39,"column":115}},"loc":{"start":{"line":40,"column":16},"end":{"line":47,"column":21}},"line":40},"3":{"name":"(anonymous_3)","decl":{"start":{"line":44,"column":25},"end":{"line":44,"column":26}},"loc":{"start":{"line":44,"column":29},"end":{"line":44,"column":48}},"line":44}},"branchMap":{"0":{"loc":{"start":{"line":20,"column":4},"end":{"line":51,"column":5}},"type":"if","locations":[{"start":{"line":20,"column":4},"end":{"line":51,"column":5}},{"start":{"line":23,"column":4},"end":{"line":51,"column":5}}],"line":20}},"s":{"0":1,"1":2,"2":2,"3":2,"4":2,"5":2,"6":1,"7":2,"8":1,"9":1,"10":11,"11":1},"f":{"0":2,"1":1,"2":11,"3":1},"b":{"0":[1,1]},"_coverageSchema":"1a1c01bbd47fc00a2c39e90264f33305004495a9","hash":"5e8dfa6d97d84d0b99374bb0cefa35808cdd00be"}
,"C:\\Users\\akash\\Desktop\\random\\Namaste-React\\src\\components\\Shimmer.js": {"path":"C:\\Users\\akash\\Desktop\\random\\Namaste-React\\src\\components\\Shimmer.js","statementMap":{"0":{"start":{"line":1,"column":14},"end":{"line":8,"column":1}},"1":{"start":{"line":2,"column":4},"end":{"line":7,"column":6}},"2":{"start":{"line":4,"column":45},"end":{"line":4,"column":91}}},"fnMap":{"0":{"name":"(anonymous_0)","decl":{"start":{"line":1,"column":14},"end":{"line":1,"column":15}},"loc":{"start":{"line":1,"column":18},"end":{"line":8,"column":1}},"line":1},"1":{"name":"(anonymous_1)","decl":{"start":{"line":4,"column":36},"end":{"line":4,"column":37}},"loc":{"start":{"line":4,"column":45},"end":{"line":4,"column":91}},"line":4}},"branchMap":{},"s":{"0":2,"1":4,"2":40},"f":{"0":4,"1":40},"b":{},"_coverageSchema":"1a1c01bbd47fc00a2c39e90264f33305004495a9","hash":"ad5a55377096c2b9240d2b2f3825e4086e6fc3c2"}
,"C:\\Users\\akash\\Desktop\\random\\Namaste-React\\src\\components\\sum.js": {"path":"C:\\Users\\akash\\Desktop\\random\\Namaste-React\\src\\components\\sum.js","statementMap":{"0":{"start":{"line":1,"column":17},"end":{"line":1,"column":27}},"1":{"start":{"line":1,"column":24},"end":{"line":1,"column":27}}},"fnMap":{"0":{"name":"(anonymous_0)","decl":{"start":{"line":1,"column":17},"end":{"line":1,"column":18}},"loc":{"start":{"line":1,"column":24},"end":{"line":1,"column":27}},"line":1}},"branchMap":{},"s":{"0":1,"1":1},"f":{"0":1},"b":{},"_coverageSchema":"1a1c01bbd47fc00a2c39e90264f33305004495a9","hash":"ce77c7b0b3288afd8e085553728728c77363a615"}
,"C:\\Users\\akash\\Desktop\\random\\Namaste-React\\src\\mocks\\data.js": {"path":"C:\\Users\\akash\\Desktop\\random\\Namaste-React\\src\\mocks\\data.js","statementMap":{"0":{"start":{"line":1,"column":23},"end":{"line":1,"column":65736}},"1":{"start":{"line":3,"column":30},"end":{"line":3,"column":44051}}},"fnMap":{},"branchMap":{},"s":{"0":2,"1":2},"f":{},"b":{},"_coverageSchema":"1a1c01bbd47fc00a2c39e90264f33305004495a9","hash":"3d6021b0ad7fd8a006daac3d3a82af95b33b2c1b"}
,"C:\\Users\\akash\\Desktop\\random\\Namaste-React\\src\\mocks\\dummyLogo.js": {"path":"C:\\Users\\akash\\Desktop\\random\\Namaste-React\\src\\mocks\\dummyLogo.js","statementMap":{},"fnMap":{},"branchMap":{},"s":{},"f":{},"b":{},"_coverageSchema":"1a1c01bbd47fc00a2c39e90264f33305004495a9","hash":"8063d00910a10857d7cd1e0aaeb11df95edec1ed"}
,"C:\\Users\\akash\\Desktop\\random\\Namaste-React\\src\\utils\\UserContext.js": {"path":"C:\\Users\\akash\\Desktop\\random\\Namaste-React\\src\\utils\\UserContext.js","statementMap":{"0":{"start":{"line":2,"column":18},"end":{"line":5,"column":3}},"1":{"start":{"line":6,"column":0},"end":{"line":6,"column":36}}},"fnMap":{},"branchMap":{},"s":{"0":3,"1":3},"f":{},"b":{},"_coverageSchema":"1a1c01bbd47fc00a2c39e90264f33305004495a9","hash":"af9c2d9eaab9481a060486b591ce5b91ad47c281"}
,"C:\\Users\\akash\\Desktop\\random\\Namaste-React\\src\\utils\\cartSlice.js": {"path":"C:\\Users\\akash\\Desktop\\random\\Namaste-React\\src\\utils\\cartSlice.js","statementMap":{"0":{"start":{"line":2,"column":16},"end":{"line":18,"column":2}},"1":{"start":{"line":9,"column":12},"end":{"line":9,"column":44}},"2":{"start":{"line":12,"column":12},"end":{"line":12,"column":26}},"3":{"start":{"line":15,"column":12},"end":{"line":15,"column":30}},"4":{"start":{"line":19,"column":44},"end":{"line":19,"column":61}}},"fnMap":{"0":{"name":"(anonymous_0)","decl":{"start":{"line":8,"column":16},"end":{"line":8,"column":17}},"loc":{"start":{"line":8,"column":32},"end":{"line":10,"column":9}},"line":8},"1":{"name":"(anonymous_1)","decl":{"start":{"line":11,"column":18},"end":{"line":11,"column":19}},"loc":{"start":{"line":11,"column":27},"end":{"line":13,"column":9}},"line":11},"2":{"name":"(anonymous_2)","decl":{"start":{"line":14,"column":19},"end":{"line":14,"column":20}},"loc":{"start":{"line":14,"column":35},"end":{"line":16,"column":9}},"line":14}},"branchMap":{},"s":{"0":3,"1":1,"2":0,"3":0,"4":3},"f":{"0":1,"1":0,"2":0},"b":{},"_coverageSchema":"1a1c01bbd47fc00a2c39e90264f33305004495a9","hash":"e2093bd77018c364c9daf5ec1491e4376505f284"}
,"C:\\Users\\akash\\Desktop\\random\\Namaste-React\\src\\utils\\helper.js": {"path":"C:\\Users\\akash\\Desktop\\random\\Namaste-React\\src\\utils\\helper.js","statementMap":{"0":{"start":{"line":3,"column":4},"end":{"line":3,"column":123}},"1":{"start":{"line":3,"column":46},"end":{"line":3,"column":121}}},"fnMap":{"0":{"name":"filterData","decl":{"start":{"line":1,"column":16},"end":{"line":1,"column":26}},"loc":{"start":{"line":2,"column":0},"end":{"line":4,"column":1}},"line":2},"1":{"name":"(anonymous_1)","decl":{"start":{"line":3,"column":31},"end":{"line":3,"column":32}},"loc":{"start":{"line":3,"column":46},"end":{"line":3,"column":121}},"line":3}},"branchMap":{},"s":{"0":1,"1":15},"f":{"0":1,"1":15},"b":{},"_coverageSchema":"1a1c01bbd47fc00a2c39e90264f33305004495a9","hash":"24d32f3cc40d45cd0ad2607ca17ce011ae9c4fcb"}
,"C:\\Users\\akash\\Desktop\\random\\Namaste-React\\src\\utils\\store.js": {"path":"C:\\Users\\akash\\Desktop\\random\\Namaste-React\\src\\utils\\store.js","statementMap":{"0":{"start":{"line":3,"column":12},"end":{"line":7,"column":2}}},"fnMap":{},"branchMap":{},"s":{"0":3},"f":{},"b":{},"_coverageSchema":"1a1c01bbd47fc00a2c39e90264f33305004495a9","hash":"bbea4b1fcbd28441a504f20a476bf7941a57fb0f"}
,"C:\\Users\\akash\\Desktop\\random\\Namaste-React\\src\\utils\\useOnline.js": {"path":"C:\\Users\\akash\\Desktop\\random\\Namaste-React\\src\\utils\\useOnline.js","statementMap":{"0":{"start":{"line":2,"column":16},"end":{"line":20,"column":1}},"1":{"start":{"line":3,"column":33},"end":{"line":3,"column":47}},"2":{"start":{"line":4,"column":4},"end":{"line":17,"column":9}},"3":{"start":{"line":5,"column":27},"end":{"line":7,"column":9}},"4":{"start":{"line":6,"column":12},"end":{"line":6,"column":30}},"5":{"start":{"line":8,"column":28},"end":{"line":10,"column":9}},"6":{"start":{"line":9,"column":12},"end":{"line":9,"column":31}},"7":{"start":{"line":11,"column":8},"end":{"line":11,"column":54}},"8":{"start":{"line":12,"column":8},"end":{"line":12,"column":56}},"9":{"start":{"line":13,"column":8},"end":{"line":16,"column":9}},"10":{"start":{"line":14,"column":12},"end":{"line":14,"column":62}},"11":{"start":{"line":15,"column":12},"end":{"line":15,"column":64}},"12":{"start":{"line":19,"column":4},"end":{"line":19,"column":20}}},"fnMap":{"0":{"name":"(anonymous_0)","decl":{"start":{"line":2,"column":16},"end":{"line":2,"column":17}},"loc":{"start":{"line":2,"column":20},"end":{"line":20,"column":1}},"line":2},"1":{"name":"(anonymous_1)","decl":{"start":{"line":4,"column":14},"end":{"line":4,"column":15}},"loc":{"start":{"line":4,"column":18},"end":{"line":17,"column":5}},"line":4},"2":{"name":"(anonymous_2)","decl":{"start":{"line":5,"column":27},"end":{"line":5,"column":28}},"loc":{"start":{"line":5,"column":31},"end":{"line":7,"column":9}},"line":5},"3":{"name":"(anonymous_3)","decl":{"start":{"line":8,"column":28},"end":{"line":8,"column":29}},"loc":{"start":{"line":8,"column":32},"end":{"line":10,"column":9}},"line":8},"4":{"name":"(anonymous_4)","decl":{"start":{"line":13,"column":15},"end":{"line":13,"column":16}},"loc":{"start":{"line":13,"column":19},"end":{"line":16,"column":9}},"line":13}},"branchMap":{},"s":{"0":3,"1":12,"2":12,"3":7,"4":0,"5":7,"6":0,"7":7,"8":7,"9":7,"10":7,"11":7,"12":12},"f":{"0":12,"1":7,"2":0,"3":0,"4":7},"b":{},"_coverageSchema":"1a1c01bbd47fc00a2c39e90264f33305004495a9","hash":"a9f8d026019cca04ea3ceac24818ebbb407ec5a2"}
,"C:\\Users\\akash\\Desktop\\random\\Namaste-React\\src\\utils\\useRestaurant.js": {"path":"C:\\Users\\akash\\Desktop\\random\\Namaste-React\\src\\utils\\useRestaurant.js","statementMap":{"0":{"start":{"line":3,"column":20},"end":{"line":18,"column":1}},"1":{"start":{"line":4,"column":37},"end":{"line":4,"column":51}},"2":{"start":{"line":5,"column":4},"end":{"line":7,"column":9}},"3":{"start":{"line":6,"column":8},"end":{"line":6,"column":28}},"4":{"start":{"line":11,"column":19},"end":{"line":11,"column":49}},"5":{"start":{"line":12,"column":19},"end":{"line":12,"column":36}},"6":{"start":{"line":14,"column":8},"end":{"line":14,"column":32}},"7":{"start":{"line":15,"column":8},"end":{"line":15,"column":34}},"8":{"start":{"line":17,"column":4},"end":{"line":17,"column":22}}},"fnMap":{"0":{"name":"(anonymous_0)","decl":{"start":{"line":3,"column":20},"end":{"line":3,"column":21}},"loc":{"start":{"line":3,"column":26},"end":{"line":18,"column":1}},"line":3},"1":{"name":"(anonymous_1)","decl":{"start":{"line":5,"column":14},"end":{"line":5,"column":15}},"loc":{"start":{"line":5,"column":18},"end":{"line":7,"column":5}},"line":5},"2":{"name":"getRestaurantInfo","decl":{"start":{"line":9,"column":19},"end":{"line":9,"column":36}},"loc":{"start":{"line":10,"column":4},"end":{"line":16,"column":5}},"line":10}},"branchMap":{},"s":{"0":1,"1":2,"2":2,"3":1,"4":1,"5":1,"6":1,"7":1,"8":2},"f":{"0":2,"1":1,"2":1},"b":{},"_coverageSchema":"1a1c01bbd47fc00a2c39e90264f33305004495a9","hash":"fa4a11e9aa7163ee2826067a01d1d1745c568139"}
}
